<?xml version="1.0" encoding="UTF-8"?>
<!-- Generated by org.testng.reporters.JUnitXMLReporter -->
<testsuite ignored="0" hostname="TechnoExponent" failures="0" tests="5" name="Default test" time="14.838" errors="0" timestamp="2025-05-11T01:36:03 IST">
  <testcase classname="KYS.Notary.Prac" name="LoginwithNoData" time="1.026"/>
  <testcase classname="KYS.Notary.Prac" name="LoginwithOnlyMail" time="0.233"/>
  <testcase classname="KYS.Notary.Prac" name="LoginwithWrongData" time="0.271"/>
  <testcase classname="KYS.Notary.Prac" name="Login" time="10.512"/>
  <testcase classname="KYS.Notary.Prac" name="UpdateProfile" time="0.083"/>
</testsuite> <!-- Default test -->
