<?xml version="1.0" encoding="UTF-8"?>
<!-- Generated by org.testng.reporters.JUnitXMLReporter -->
<testsuite ignored="0" hostname="TechnoExponent" failures="0" tests="6" name="Test" time="20.103" errors="0" timestamp="2025-05-11T15:05:50 IST">
  <testcase classname="KYS.Notary.Prac" name="LoginwithNoData" time="3.316"/>
  <testcase classname="KYS.Notary.Prac" name="LoginwithOnlyMail" time="0.255"/>
  <testcase classname="KYS.Notary.Prac" name="LoginwithWrongData" time="0.311"/>
  <testcase classname="KYS.Notary.Prac" name="Login" time="10.747"/>
  <testcase classname="KYS.Notary.Prac" name="UpdateProfile" time="0.095"/>
  <testcase classname="KYS.Notary.WorkOrder" name="PlaceOrder" time="2.126"/>
</testsuite> <!-- Test -->
