<?xml version="1.0" encoding="UTF-8"?>
<testng-results ignored="0" total="6" passed="6" failed="0" skipped="0">
  <reporter-output>
  </reporter-output>
  <suite started-at="2025-05-11T15:05:30 IST" name="Suite" finished-at="2025-05-11T15:05:50 IST" duration-ms="20103">
    <groups>
    </groups>
    <test started-at="2025-05-11T15:05:30 IST" name="Test" finished-at="2025-05-11T15:05:50 IST" duration-ms="20103">
      <class name="KYS.Notary.Prac">
        <test-method is-config="true" signature="openBrowser()[pri:0, instance:KYS.Notary.Prac@77f80c04]" started-at="2025-05-11T15:05:26 IST" name="openBrowser" finished-at="2025-05-11T15:05:30 IST" duration-ms="3786" status="PASS">
          <reporter-output>
          </reporter-output>
        </test-method> <!-- openBrowser -->
        <test-method is-config="true" signature="extendreport()[pri:0, instance:KYS.Notary.Prac@77f80c04]" started-at="2025-05-11T15:05:30 IST" name="extendreport" finished-at="2025-05-11T15:05:30 IST" duration-ms="352" status="PASS">
          <reporter-output>
          </reporter-output>
        </test-method> <!-- extendreport -->
        <test-method is-config="true" signature="initElements()[pri:0, instance:KYS.Notary.Prac@77f80c04]" started-at="2025-05-11T15:05:30 IST" name="initElements" finished-at="2025-05-11T15:05:30 IST" duration-ms="1" status="PASS">
          <reporter-output>
          </reporter-output>
        </test-method> <!-- initElements -->
        <test-method signature="LoginwithNoData()[pri:1, instance:KYS.Notary.Prac@77f80c04]" started-at="2025-05-11T15:05:30 IST" name="LoginwithNoData" finished-at="2025-05-11T15:05:33 IST" duration-ms="3316" status="PASS">
          <reporter-output>
          </reporter-output>
        </test-method> <!-- LoginwithNoData -->
        <test-method is-config="true" signature="clearFields()[pri:0, instance:KYS.Notary.Prac@77f80c04]" started-at="2025-05-11T15:05:33 IST" name="clearFields" finished-at="2025-05-11T15:05:33 IST" duration-ms="117" status="PASS">
          <reporter-output>
          </reporter-output>
        </test-method> <!-- clearFields -->
        <test-method is-config="true" signature="initElements()[pri:0, instance:KYS.Notary.Prac@77f80c04]" started-at="2025-05-11T15:05:33 IST" name="initElements" finished-at="2025-05-11T15:05:33 IST" duration-ms="4" status="PASS">
          <reporter-output>
          </reporter-output>
        </test-method> <!-- initElements -->
        <test-method signature="LoginwithOnlyMail()[pri:2, instance:KYS.Notary.Prac@77f80c04]" started-at="2025-05-11T15:05:33 IST" name="LoginwithOnlyMail" finished-at="2025-05-11T15:05:34 IST" duration-ms="255" status="PASS">
          <reporter-output>
          </reporter-output>
        </test-method> <!-- LoginwithOnlyMail -->
        <test-method is-config="true" signature="clearFields()[pri:0, instance:KYS.Notary.Prac@77f80c04]" started-at="2025-05-11T15:05:34 IST" name="clearFields" finished-at="2025-05-11T15:05:35 IST" duration-ms="874" status="PASS">
          <reporter-output>
          </reporter-output>
        </test-method> <!-- clearFields -->
        <test-method is-config="true" signature="initElements()[pri:0, instance:KYS.Notary.Prac@77f80c04]" started-at="2025-05-11T15:05:35 IST" name="initElements" finished-at="2025-05-11T15:05:35 IST" duration-ms="2" status="PASS">
          <reporter-output>
          </reporter-output>
        </test-method> <!-- initElements -->
        <test-method signature="LoginwithWrongData()[pri:3, instance:KYS.Notary.Prac@77f80c04]" started-at="2025-05-11T15:05:35 IST" name="LoginwithWrongData" finished-at="2025-05-11T15:05:35 IST" duration-ms="311" status="PASS">
          <reporter-output>
          </reporter-output>
        </test-method> <!-- LoginwithWrongData -->
        <test-method is-config="true" signature="clearFields()[pri:0, instance:KYS.Notary.Prac@77f80c04]" started-at="2025-05-11T15:05:35 IST" name="clearFields" finished-at="2025-05-11T15:05:36 IST" duration-ms="1163" status="PASS">
          <reporter-output>
          </reporter-output>
        </test-method> <!-- clearFields -->
        <test-method signature="Login()[pri:4, instance:KYS.Notary.Prac@77f80c04]" started-at="2025-05-11T15:05:36 IST" name="Login" finished-at="2025-05-11T15:05:47 IST" duration-ms="10747" status="PASS">
          <reporter-output>
          </reporter-output>
        </test-method> <!-- Login -->
        <test-method is-config="true" signature="initElements()[pri:0, instance:KYS.Notary.Prac@77f80c04]" started-at="2025-05-11T15:05:36 IST" name="initElements" finished-at="2025-05-11T15:05:36 IST" duration-ms="0" status="PASS">
          <reporter-output>
          </reporter-output>
        </test-method> <!-- initElements -->
        <test-method is-config="true" signature="clearFields()[pri:0, instance:KYS.Notary.Prac@77f80c04]" started-at="2025-05-11T15:05:47 IST" name="clearFields" finished-at="2025-05-11T15:05:47 IST" duration-ms="56" status="PASS">
          <reporter-output>
          </reporter-output>
        </test-method> <!-- clearFields -->
        <test-method is-config="true" signature="initElements()[pri:0, instance:KYS.Notary.Prac@77f80c04]" started-at="2025-05-11T15:05:47 IST" name="initElements" finished-at="2025-05-11T15:05:47 IST" duration-ms="3" status="PASS">
          <reporter-output>
          </reporter-output>
        </test-method> <!-- initElements -->
        <test-method signature="UpdateProfile()[pri:5, instance:KYS.Notary.Prac@77f80c04]" started-at="2025-05-11T15:05:47 IST" name="UpdateProfile" finished-at="2025-05-11T15:05:47 IST" duration-ms="95" status="PASS">
          <reporter-output>
          </reporter-output>
        </test-method> <!-- UpdateProfile -->
        <test-method is-config="true" signature="clearFields()[pri:0, instance:KYS.Notary.Prac@77f80c04]" started-at="2025-05-11T15:05:47 IST" name="clearFields" finished-at="2025-05-11T15:05:47 IST" duration-ms="67" status="PASS">
          <reporter-output>
          </reporter-output>
        </test-method> <!-- clearFields -->
        <test-method is-config="true" signature="last()[pri:0, instance:KYS.Notary.Prac@77f80c04]" started-at="2025-05-11T15:05:47 IST" name="last" finished-at="2025-05-11T15:05:48 IST" duration-ms="496" status="PASS">
          <reporter-output>
          </reporter-output>
        </test-method> <!-- last -->
      </class> <!-- KYS.Notary.Prac -->
      <class name="KYS.Notary.WorkOrder">
        <test-method is-config="true" signature="setUp()[pri:0, instance:KYS.Notary.WorkOrder@63070bab]" started-at="2025-05-11T15:05:48 IST" name="setUp" finished-at="2025-05-11T15:05:48 IST" duration-ms="2" status="PASS">
          <reporter-output>
          </reporter-output>
        </test-method> <!-- setUp -->
        <test-method signature="PlaceOrder()[pri:6, instance:KYS.Notary.WorkOrder@63070bab]" started-at="2025-05-11T15:05:48 IST" name="PlaceOrder" finished-at="2025-05-11T15:05:50 IST" duration-ms="2126" status="PASS">
          <reporter-output>
          </reporter-output>
        </test-method> <!-- PlaceOrder -->
      </class> <!-- KYS.Notary.WorkOrder -->
    </test> <!-- Test -->
  </suite> <!-- Suite -->
</testng-results>
